<?xml version="1.0" encoding="UTF-8"?>
<!-- Generated by org.testng.reporters.JUnitReportReporter -->
<testsuite hostname="Satya" failures="0" tests="1" name="HttpDemo" time="3.787" errors="0" timestamp="2025-08-11T20:57:42 IST" skipped="0">
  <testcase classname="HttpDemo" name="getReq" time="3.787"/>
</testsuite> <!-- HttpDemo -->
