<?xml version="1.0" encoding="UTF-8"?>
<!-- Generated by org.testng.reporters.JUnitReportReporter -->
<testsuite hostname="Satya" failures="0" tests="1" name="CreateJira" time="4.094" errors="0" timestamp="2025-08-13T12:01:01 IST" skipped="0">
  <testcase classname="CreateJira" name="JiraCreate" time="4.094"/>
</testsuite> <!-- CreateJira -->
